### ISSUE TITLE
CTGPDX crashes when SaltyNX runs

### ISSUE THREAD

**Issue by masagrator** [masagrator/SaltyNX#60]
Since few people reported it to me privately, I will create this issue.

From evidence I got it must be somehow related to mod using skyline plugin. SaltyNX tries to be as less invasive as possible which is possible to see that 64-bit games work fine with SaltyNX even with skyline and exlaunch plugins AS LONG as they didn't disable "allow_debug" in npdm (there is no good reason to disable it and enable force_debug in retail game) 

This issue will be closed when fix will be found or it will be determined that mod requirements are too strict for SaltyNX to run simultaneously. 

# Edit: SaltyNX fixed everything. 

Now it's purely skyline plugin's fault that is included with CTGPDX mod:
https://github.com/masagrator/SaltyNX/issues/60#issuecomment-2468668997

**Comment by VorgonBattlecruiser** [comment]
Can confirm, took me ages to figure out what was causing it after an update,

**Comment by Kowken** [comment]
Starting 1.0.0 (adding 32-bits support), SaltyNX also make Sitbar’s CT Pack (a MK8 mod using skyline) crash on startup.

**Comment by masagrator** [comment]
> Can confirm that removing the Skyline parts of the mod did solve the crashing issue and that said issue is still present on 1.0.3

This is not an issue that can be randomly fixed. Requires looking up which function is responsible for it. And I have tied hands for the rest of working week. With Core32 we have ton of legacy code that probably can be removed without affecting compatibility, but they may affect mods. So that's why it's important to look up the root of cause, crash reports don't point to skyline directly.

**Comment by Kowken** [comment]
> > Can confirm that removing the Skyline parts of the mod did solve the crashing issue and that said issue is still present on 1.0.3
> 
> This is not an issue that can be randomly fixed. Requires looking up which function is responsible for it. And I have tied hands for the rest of working week. With Core32 we have ton of legacy code from 64-bit Core that probably can be removed without affecting compatibility, but they may affect mods. So that's why it's important to look up the root of cause, crash reports don't point to skyline directly.

No worries, I was just trying to report what I found to help solving the issue. Let me know how I can help if possible.

**Comment by FourHawk** [comment]
Ok so it wasn't a me issue, good. for now i've added MK8D to SaltyNX's `exceptions.txt` so i can keep SaltyNX installed, just disable it when MK8D is running

**Comment by masagrator** [comment]
Stripping Core to the bare minimum didn't help. So it is something that cannot be fixed in Core. I will try to find the most probable issue with all informations I have and close this thread.

**Comment by masagrator** [comment]
So first issue was that skyline plugin is hardcoding svcSetHeapSize and svcGetInfo, and because skyline plugin is in modules list before nnSDK, Core was patching skyline itself. This was fixed with this commit:
https://github.com/masagrator/SaltyNX/commit/64cba4413cb6f963a5252b3ec15827e15fe6360c

Now I have different error that I need to investigate

**Comment by masagrator** [comment]
Yup, now it segfaults inside skyline plugin.

_start() + 0x26c4

So it actually fails at function
```
result = sub_60003AA8((int)&dword_6001A448, 0xA000, 0x18000);
```
Which returns invalid size.

Going further, it turns out that their template for reserving heap is pretty bad
```
.text:60003ADC                 LDRD            R2, R3, [R3] ; addr
.text:60003AE0                 ADD             R1, SP, #0x68+pageinfo ; pageinfo
.text:60003AE4                 ADD             R3, SP, #0x68+info
.text:60003AE8                 MOV             R0, R3  ; info
.text:60003AEC                 BL              svcQueryMemory
```
```
.text:60003B2C                 MOV             R1, R2  ; a2
.text:60003B30                 MOV             R0, R3  ; result
.text:60003B34                 BL              svcSetHeapSize
```
```
Breakpoint 26, 0x0d531b34 in ?? ()
=> 0x0d531b34:  eb0026c8        bl      0xd53b65c
(gdb) p/x $r0
$56 = 0x27575f48
(gdb) p/x $r1
$57 = 0x244000
(gdb)
```
This is bad. (Ignoring size not aligned to 0x200000) It checks how big is the beginning of heap region without taking into account that part of heap was already taken by core. It could be fixed by checking if first heap region has actual RW Permission.
And I don't want to dwell further into that as it seems now this is purely an issue with skyline framework not taking into consideration that the beginning of heap may be blocked.

**Comment by busmanl30** [comment]
Possible to port exlaunch to x32? if this is the case and something you can provide, the team can possibly move things over to support it better as skyline is old, and the x32 bit build is kinda janky

**Comment by masagrator** [comment]
Actually this heap reserving code is not a standard Skyline thing, it was added by whoever ported it to Mario Kart 8.

Skyline plugins by default don't take any heap, only using .bss as fake heap.

This is not hard to fix. Just instead of this weird heap reading:
- Read total memory size using svcGetInfo with InfoType_TotalMemorySize
- Read used memory size using SvcGetInfo with InfoType_UsedMemorySize
- calculate (total - used) & 0xFFE00000
- pass it to SvcSetHeapSize

**Comment by busmanl30** [comment]
Aware of this, just wondering if this was something you were up for anyways, id love to see exlaunch on 32 bit games, and skyline is kind of old/deprecated.

**Comment by masagrator** [comment]
Currently there is nothing that would motivate me to port exlaunch to 32-bit games, so I'm not the right guy to ask.

**Comment by VorgonBattlecruiser** [comment]
can we update SaltyNX now? Will Mario Kart CTGPDX run?

**Comment by masagrator** [comment]
> can we update SaltyNX now? Will Mario Kart CTGPDX run?

You have answer for that for over a month...

> this is purely an issue with skyline framework not taking into consideration other scenario than one linear heap region. Poke whoever is responsible for 32-bit skyline framework to fix their code.

**Comment by VorgonBattlecruiser** [comment]
> > can we update SaltyNX now? Will Mario Kart CTGPDX run?
> 
> You have answer for that for over a month...
> 
> > this is purely an issue with skyline framework not taking into consideration other scenario than one linear heap region. Poke whoever is responsible for 32-bit skyline framework to fix their code.

oh okay, who should i contact then?

**Comment by Rodrig0Almeida** [comment]
![IMG_20241221_103647](https://github.com/user-attachments/assets/a36ef0db-36b3-4572-9a94-6f5ab243a487)
This works!

**Comment by VorgonBattlecruiser** [comment]
Thats awesome, i had no idea. Thank you so much!

**Comment by masagrator** [comment]
Wow, disabling SaltyNX solves the issue. Discovery of the century.
Like it's in the readme how to do that.

**Comment by masagrator** [comment]
So next step:
CTGPDX is using this source code as base for their loader
https://gitlab.com/Rafa10PT/skyline-mk8dx

It has the same issue as their code
https://gitlab.com/Rafa10PT/skyline-mk8dx/-/blob/master/source/skyline/inlinehook/trampoline.cpp?ref_type=heads#L51-L59

This can be fixed easily with this code
```cpp
    Result TrampolineJIT::create(size_t insns_jit_sz, size_t inline_hook_jit_sz) {
        Result rc = 0;
        MemoryInfo mem_info;
        u32 dummy;
        u32 address_check = utils::g_MainHeapAddr;
        size_t final_size = 0;
        while(true) {
            rc = svcQueryMemory(&mem_info, &dummy, address_check);
            if (R_FAILED(rc) || (mem_info.addr != address_check) || (mem_info.type != MemType_Heap))
                break;
            final_size += mem_info.size;
            address_check += mem_info.size;
        }
        final_size = ALIGN_UP(final_size, 0x200000);
        if(R_SUCCEEDED(rc)) {
            void *heap;
            rc = svcSetHeapSize(&heap, final_size +
            ALIGN_UP(insns_jit_sz + inline_hook_jit_sz, 0x200000));
```
But it seems like CTGPDX is using modified version of this loader because their NRO is not compatible with this loader in both its fixed form and original form.

**Comment by masagrator** [comment]
Fix was implemented into original repo

https://gitlab.com/Rafa10PT/skyline-mk8dx/-/commit/34c4a6827ea6d3d1af19677f2ddea774421f5242
